{"C:\\Users\\muqadasso.iba-suk\\Desktop\\cohort-9-mern-6888-muqadas\\backend\\services\\authService.js":{"path":"C:\\Users\\muqadasso.iba-suk\\Desktop\\cohort-9-mern-6888-muqadas\\backend\\services\\authService.js","statementMap":{"0":{"start":{"line":1,"column":15},"end":{"line":1,"column":32}},"1":{"start":{"line":2,"column":12},"end":{"line":2,"column":35}},"2":{"start":{"line":3,"column":13},"end":{"line":3,"column":38}},"3":{"start":{"line":5,"column":21},"end":{"line":31,"column":1}},"4":{"start":{"line":6,"column":23},"end":{"line":6,"column":52}},"5":{"start":{"line":7,"column":2},"end":{"line":11,"column":3}},"6":{"start":{"line":8,"column":18},"end":{"line":8,"column":51}},"7":{"start":{"line":9,"column":4},"end":{"line":9,"column":27}},"8":{"start":{"line":10,"column":4},"end":{"line":10,"column":16}},"9":{"start":{"line":13,"column":25},"end":{"line":13,"column":56}},"10":{"start":{"line":15,"column":2},"end":{"line":30,"column":3}},"11":{"start":{"line":16,"column":17},"end":{"line":20,"column":6}},"12":{"start":{"line":22,"column":4},"end":{"line":22,"column":16}},"13":{"start":{"line":24,"column":4},"end":{"line":28,"column":5}},"14":{"start":{"line":25,"column":20},"end":{"line":25,"column":53}},"15":{"start":{"line":26,"column":6},"end":{"line":26,"column":29}},"16":{"start":{"line":27,"column":6},"end":{"line":27,"column":18}},"17":{"start":{"line":29,"column":4},"end":{"line":29,"column":14}},"18":{"start":{"line":33,"column":18},"end":{"line":55,"column":1}},"19":{"start":{"line":34,"column":15},"end":{"line":34,"column":44}},"20":{"start":{"line":35,"column":2},"end":{"line":39,"column":3}},"21":{"start":{"line":36,"column":18},"end":{"line":36,"column":56}},"22":{"start":{"line":37,"column":4},"end":{"line":37,"column":27}},"23":{"start":{"line":38,"column":4},"end":{"line":38,"column":16}},"24":{"start":{"line":41,"column":18},"end":{"line":41,"column":63}},"25":{"start":{"line":42,"column":2},"end":{"line":46,"column":3}},"26":{"start":{"line":43,"column":18},"end":{"line":43,"column":56}},"27":{"start":{"line":44,"column":4},"end":{"line":44,"column":27}},"28":{"start":{"line":45,"column":4},"end":{"line":45,"column":16}},"29":{"start":{"line":48,"column":16},"end":{"line":52,"column":3}},"30":{"start":{"line":54,"column":2},"end":{"line":54,"column":25}},"31":{"start":{"line":57,"column":0},"end":{"line":57,"column":45}}},"fnMap":{"0":{"name":"(anonymous_0)","decl":{"start":{"line":5,"column":21},"end":{"line":5,"column":22}},"loc":{"start":{"line":5,"column":58},"end":{"line":31,"column":1}},"line":5},"1":{"name":"(anonymous_1)","decl":{"start":{"line":33,"column":18},"end":{"line":33,"column":19}},"loc":{"start":{"line":33,"column":49},"end":{"line":55,"column":1}},"line":33}},"branchMap":{"0":{"loc":{"start":{"line":7,"column":2},"end":{"line":11,"column":3}},"type":"if","locations":[{"start":{"line":7,"column":2},"end":{"line":11,"column":3}},{"start":{},"end":{}}],"line":7},"1":{"loc":{"start":{"line":24,"column":4},"end":{"line":28,"column":5}},"type":"if","locations":[{"start":{"line":24,"column":4},"end":{"line":28,"column":5}},{"start":{},"end":{}}],"line":24},"2":{"loc":{"start":{"line":35,"column":2},"end":{"line":39,"column":3}},"type":"if","locations":[{"start":{"line":35,"column":2},"end":{"line":39,"column":3}},{"start":{},"end":{}}],"line":35},"3":{"loc":{"start":{"line":42,"column":2},"end":{"line":46,"column":3}},"type":"if","locations":[{"start":{"line":42,"column":2},"end":{"line":46,"column":3}},{"start":{},"end":{}}],"line":42}},"s":{"0":1,"1":1,"2":1,"3":1,"4":3,"5":3,"6":1,"7":1,"8":1,"9":2,"10":2,"11":2,"12":1,"13":1,"14":1,"15":1,"16":1,"17":0,"18":1,"19":3,"20":3,"21":1,"22":1,"23":1,"24":2,"25":2,"26":1,"27":1,"28":1,"29":1,"30":1,"31":1},"f":{"0":3,"1":3},"b":{"0":[1,2],"1":[1,0],"2":[1,2],"3":[1,1]},"_coverageSchema":"1a1c01bbd47fc00a2c39e90264f33305004495a9","hash":"8c0fc57e33493d83d2d7eb509b03e5e0c9a58eb4","contentHash":"cd9d3a6333d796e5166da3a209115d6ef5b91e8e1a848936b1947975077ddf0c"},"C:\\Users\\muqadasso.iba-suk\\Desktop\\cohort-9-mern-6888-muqadas\\backend\\services\\noteService.js":{"path":"C:\\Users\\muqadasso.iba-suk\\Desktop\\cohort-9-mern-6888-muqadas\\backend\\services\\noteService.js","statementMap":{"0":{"start":{"line":1,"column":17},"end":{"line":1,"column":36}},"1":{"start":{"line":2,"column":13},"end":{"line":2,"column":38}},"2":{"start":{"line":4,"column":23},"end":{"line":10,"column":1}},"3":{"start":{"line":5,"column":2},"end":{"line":9,"column":3}},"4":{"start":{"line":6,"column":18},"end":{"line":6,"column":46}},"5":{"start":{"line":7,"column":4},"end":{"line":7,"column":27}},"6":{"start":{"line":8,"column":4},"end":{"line":8,"column":16}},"7":{"start":{"line":12,"column":19},"end":{"line":15,"column":1}},"8":{"start":{"line":13,"column":15},"end":{"line":13,"column":66}},"9":{"start":{"line":14,"column":2},"end":{"line":14,"column":14}},"10":{"start":{"line":17,"column":21},"end":{"line":20,"column":1}},"11":{"start":{"line":18,"column":16},"end":{"line":18,"column":73}},"12":{"start":{"line":19,"column":2},"end":{"line":19,"column":15}},"13":{"start":{"line":22,"column":20},"end":{"line":32,"column":1}},"14":{"start":{"line":23,"column":2},"end":{"line":23,"column":25}},"15":{"start":{"line":25,"column":15},"end":{"line":25,"column":64}},"16":{"start":{"line":26,"column":2},"end":{"line":30,"column":3}},"17":{"start":{"line":27,"column":18},"end":{"line":27,"column":45}},"18":{"start":{"line":28,"column":4},"end":{"line":28,"column":27}},"19":{"start":{"line":29,"column":4},"end":{"line":29,"column":16}},"20":{"start":{"line":31,"column":2},"end":{"line":31,"column":14}},"21":{"start":{"line":34,"column":19},"end":{"line":48,"column":1}},"22":{"start":{"line":35,"column":2},"end":{"line":35,"column":25}},"23":{"start":{"line":37,"column":15},"end":{"line":41,"column":3}},"24":{"start":{"line":42,"column":2},"end":{"line":46,"column":3}},"25":{"start":{"line":43,"column":18},"end":{"line":43,"column":45}},"26":{"start":{"line":44,"column":4},"end":{"line":44,"column":27}},"27":{"start":{"line":45,"column":4},"end":{"line":45,"column":16}},"28":{"start":{"line":47,"column":2},"end":{"line":47,"column":14}},"29":{"start":{"line":50,"column":19},"end":{"line":60,"column":1}},"30":{"start":{"line":51,"column":2},"end":{"line":51,"column":25}},"31":{"start":{"line":53,"column":15},"end":{"line":53,"column":73}},"32":{"start":{"line":54,"column":2},"end":{"line":58,"column":3}},"33":{"start":{"line":55,"column":18},"end":{"line":55,"column":45}},"34":{"start":{"line":56,"column":4},"end":{"line":56,"column":27}},"35":{"start":{"line":57,"column":4},"end":{"line":57,"column":16}},"36":{"start":{"line":59,"column":2},"end":{"line":59,"column":14}},"37":{"start":{"line":62,"column":0},"end":{"line":62,"column":83}}},"fnMap":{"0":{"name":"(anonymous_0)","decl":{"start":{"line":4,"column":23},"end":{"line":4,"column":24}},"loc":{"start":{"line":4,"column":35},"end":{"line":10,"column":1}},"line":4},"1":{"name":"(anonymous_1)","decl":{"start":{"line":12,"column":19},"end":{"line":12,"column":20}},"loc":{"start":{"line":12,"column":57},"end":{"line":15,"column":1}},"line":12},"2":{"name":"(anonymous_2)","decl":{"start":{"line":17,"column":21},"end":{"line":17,"column":22}},"loc":{"start":{"line":17,"column":39},"end":{"line":20,"column":1}},"line":17},"3":{"name":"(anonymous_3)","decl":{"start":{"line":22,"column":20},"end":{"line":22,"column":21}},"loc":{"start":{"line":22,"column":46},"end":{"line":32,"column":1}},"line":22},"4":{"name":"(anonymous_4)","decl":{"start":{"line":34,"column":19},"end":{"line":34,"column":20}},"loc":{"start":{"line":34,"column":65},"end":{"line":48,"column":1}},"line":34},"5":{"name":"(anonymous_5)","decl":{"start":{"line":50,"column":19},"end":{"line":50,"column":20}},"loc":{"start":{"line":50,"column":45},"end":{"line":60,"column":1}},"line":50}},"branchMap":{"0":{"loc":{"start":{"line":5,"column":2},"end":{"line":9,"column":3}},"type":"if","locations":[{"start":{"line":5,"column":2},"end":{"line":9,"column":3}},{"start":{},"end":{}}],"line":5},"1":{"loc":{"start":{"line":26,"column":2},"end":{"line":30,"column":3}},"type":"if","locations":[{"start":{"line":26,"column":2},"end":{"line":30,"column":3}},{"start":{},"end":{}}],"line":26},"2":{"loc":{"start":{"line":42,"column":2},"end":{"line":46,"column":3}},"type":"if","locations":[{"start":{"line":42,"column":2},"end":{"line":46,"column":3}},{"start":{},"end":{}}],"line":42},"3":{"loc":{"start":{"line":54,"column":2},"end":{"line":58,"column":3}},"type":"if","locations":[{"start":{"line":54,"column":2},"end":{"line":58,"column":3}},{"start":{},"end":{}}],"line":54}},"s":{"0":1,"1":1,"2":1,"3":7,"4":1,"5":1,"6":1,"7":1,"8":1,"9":1,"10":1,"11":1,"12":1,"13":1,"14":3,"15":2,"16":2,"17":1,"18":1,"19":1,"20":1,"21":1,"22":2,"23":2,"24":2,"25":1,"26":1,"27":1,"28":1,"29":1,"30":2,"31":2,"32":2,"33":1,"34":1,"35":1,"36":1,"37":1},"f":{"0":7,"1":1,"2":1,"3":3,"4":2,"5":2},"b":{"0":[1,6],"1":[1,1],"2":[1,1],"3":[1,1]},"_coverageSchema":"1a1c01bbd47fc00a2c39e90264f33305004495a9","hash":"ec3cb8b8d617f8d62081b761482ebbef80cb67a1","contentHash":"f394b74ccf81363a447b930c898dc2f8a806752ea0cbc36df7e599e8407614c0"}}